<?xml version="1.0" encoding="UTF-8"?>
<!-- Generated by org.testng.reporters.JUnitXMLReporter -->
<testsuite hostname="nlccu100" ignored="0" name="BookingTestScenario" tests="2" failures="0" timestamp="18 Feb 2019 10:52:14 GMT" time="147.154" errors="0">
  <testcase name="CreateBooking" time="82.563" classname="TestCases.CreateBookingFromContactTest"/>
  <testcase name="BookingRouteApproval" time="12.941" classname="TestCases.BookingRouteApproveTest"/>
</testsuite> <!-- BookingTestScenario -->
