<?xml version="1.0" encoding="UTF-8"?>
<!-- Generated by org.testng.reporters.JUnitXMLReporter -->
<testsuite hostname="nlccu100" ignored="0" name="BookingTestScenario" tests="2" failures="1" timestamp="28 Jun 2018 10:19:18 GMT" time="97.595" errors="0">
  <testcase name="CreateBooking" time="53.419" classname="TestCases.CreateBookingFromContactTest">
    <failure type="org.openqa.selenium.WebDriverException" message="Element not clickable at point (1236,9). Other element would receive the click: &amp;lt;div class=&amp;quot;loading-indicator-overlay&amp;quot; id=&amp;quot;loading-indicator-undefined-overlay&amp;quot; style=&amp;quot;left: 0px; top: 0px; width: 100%; height: 150%; position: fixed; z-index: 99998;&amp;quot;&amp;gt;&amp;lt;/div&amp;gt;
Build info: version: &amp;apos;3.5.3&amp;apos;, revision: &amp;apos;a88d25fe6b&amp;apos;, time: &amp;apos;2017-08-29T12:42:44.417Z&amp;apos;
System info: host: &amp;apos;NLCCU100&amp;apos;, ip: &amp;apos;10.11.0.97&amp;apos;, os.name: &amp;apos;Windows 10&amp;apos;, os.arch: &amp;apos;x86&amp;apos;, os.version: &amp;apos;10.0&amp;apos;, java.version: &amp;apos;1.8.0_151&amp;apos;
Driver info: org.openqa.selenium.ie.InternetExplorerDriver
Capabilities [{proxy=Proxy(), acceptInsecureCerts=false, browserVersion=11, se:ieOptions={nativeEvents=true, browserAttachTimeout=0, ie.ensureCleanSession=false, elementScrollBehavior=0, enablePersistentHover=true, ie.browserCommandLineSwitches=, ie.forceCreateProcessApi=false, requireWindowFocus=false, initialBrowserUrl=http://localhost:5426/, ignoreZoomSetting=false, ie.fileUploadDialogTimeout=3000, ignoreProtectedModeSettings=false}, timeouts={implicit=0, pageLoad=300000, script=30000}, browserName=internet explorer, pageLoadStrategy=normal, javascriptEnabled=true, platformName=XP, setWindowRect=true, platform=XP}]
Session ID: 42b15524-acc5-4d42-82aa-1d81bc06f1b4">
      <![CDATA[org.openqa.selenium.WebDriverException: Element not clickable at point (1236,9). Other element would receive the click: <div class="loading-indicator-overlay" id="loading-indicator-undefined-overlay" style="left: 0px; top: 0px; width: 100%; height: 150%; position: fixed; z-index: 99998;"></div>
Build info: version: '3.5.3', revision: 'a88d25fe6b', time: '2017-08-29T12:42:44.417Z'
System info: host: 'NLCCU100', ip: '10.11.0.97', os.name: 'Windows 10', os.arch: 'x86', os.version: '10.0', java.version: '1.8.0_151'
Driver info: org.openqa.selenium.ie.InternetExplorerDriver
Capabilities [{proxy=Proxy(), acceptInsecureCerts=false, browserVersion=11, se:ieOptions={nativeEvents=true, browserAttachTimeout=0, ie.ensureCleanSession=false, elementScrollBehavior=0, enablePersistentHover=true, ie.browserCommandLineSwitches=, ie.forceCreateProcessApi=false, requireWindowFocus=false, initialBrowserUrl=http://localhost:5426/, ignoreZoomSetting=false, ie.fileUploadDialogTimeout=3000, ignoreProtectedModeSettings=false}, timeouts={implicit=0, pageLoad=300000, script=30000}, browserName=internet explorer, pageLoadStrategy=normal, javascriptEnabled=true, platformName=XP, setWindowRect=true, platform=XP}]
Session ID: 42b15524-acc5-4d42-82aa-1d81bc06f1b4
	at org.openqa.selenium.remote.http.W3CHttpResponseCodec.createException(W3CHttpResponseCodec.java:185)
	at org.openqa.selenium.remote.http.W3CHttpResponseCodec.decode(W3CHttpResponseCodec.java:120)
	at org.openqa.selenium.remote.http.W3CHttpResponseCodec.decode(W3CHttpResponseCodec.java:49)
	at org.openqa.selenium.remote.HttpCommandExecutor.execute(HttpCommandExecutor.java:164)
	at org.openqa.selenium.remote.service.DriverCommandExecutor.execute(DriverCommandExecutor.java:82)
	at org.openqa.selenium.remote.RemoteWebDriver.execute(RemoteWebDriver.java:646)
	at org.openqa.selenium.remote.RemoteWebElement.execute(RemoteWebElement.java:275)
	at org.openqa.selenium.remote.RemoteWebElement.click(RemoteWebElement.java:82)
	at org.openqa.selenium.support.pagefactory.internal.LocatingElementHandler.invoke(LocatingElementHandler.java:51)
	at com.sun.proxy.$Proxy9.click(Unknown Source)
	at AppPages.BookingEntryPage.SelectStatusOfBooking(BookingEntryPage.java:161)
	at TestCases.CreateBookingFromContactTest.CreateBooking(CreateBookingFromContactTest.java:120)
... Removed 33 stack frames]]>
    </failure>
  </testcase> <!-- CreateBooking -->
  <testcase name="BookingRouteApproval" time="13.568" classname="TestCases.BookingRouteApproveTest"/>
</testsuite> <!-- BookingTestScenario -->
