<?xml version="1.0" encoding="UTF-8"?>
<testng-results skipped="0" failed="0" ignored="0" total="1" passed="1">
  <reporter-output>
  </reporter-output>
  <suite name="Default suite" duration-ms="86883" started-at="2018-06-28T13:03:12Z" finished-at="2018-06-28T13:04:39Z">
    <groups>
    </groups>
    <test name="Default test" duration-ms="86883" started-at="2018-06-28T13:03:12Z" finished-at="2018-06-28T13:04:39Z">
      <class name="TestCases.CreateContractTest">
        <test-method status="PASS" signature="setup()[pri:0, instance:TestCases.CreateContractTest@1fdc050]" name="setup" is-config="true" duration-ms="13183" started-at="2018-06-28T18:33:12Z" finished-at="2018-06-28T18:33:25Z">
          <reporter-output>
          </reporter-output>
        </test-method> <!-- setup -->
        <test-method status="PASS" signature="ContractEntry()[pri:0, instance:TestCases.CreateContractTest@1fdc050]" name="ContractEntry" duration-ms="73670" started-at="2018-06-28T18:33:25Z" finished-at="2018-06-28T18:34:39Z">
          <reporter-output>
          </reporter-output>
        </test-method> <!-- ContractEntry -->
      </class> <!-- TestCases.CreateContractTest -->
    </test> <!-- Default test -->
  </suite> <!-- Default suite -->
</testng-results>
